
ROM used:   172/8192 (2%)
            172/8192 (2%) including unused fragments

            0.1 Average locations per line
            1.5 Average locations per statement

RAM used:   7/368 (2%) at main() level
            8/368 (2%) worst case

Stack used: 1 worst case (1 in main + 0 for interrupts)
Stack size: 8

Lines Stmts  %   Files
----- ----- ---  -----
   96    34  29  motor_pasoapaso.c
  768     0   0  ..\..\..\..\..\Program Files (x86)\PICC\Devices\16f887.h
  456    84  71  ..\..\..\..\..\Program Files (x86)\PICC\Drivers\lcd.c
----- -----
 1320   118 Total

Page ROM  %  RAM   Vol Diff  Functions:
---- --- --- ---   --- ----  ----------
0     21  12    1             @delay_ms1
0      8   5    0             @const660
0      8   5    0             @const663
0     12   7    0             @const666
0     12   7    0             @const669
0    107  62    2   849  5.3  MAIN
 Inline         0             @cinit1

Program metrics:
    Functions               1
    Statements              118
    Comments                240
    Volume (V)              866
    Difficulty (D)          4.8
    Effort to implement (E) 4167
    Time to implement (T)   4 minutes
    Est Delivered Bugs (B)  0
    Cyclomatic Complexity   5
    Maintainability (MI)    12

 Segment     Used  Free
-----------  ----  ----
00000-00003     4  0  
00004-007FF   168  1876  
00800-00FFF     0  2048  
01000-017FF     0  2048  
01800-01FFF     0  2048  



